0 info it worked if it ends with ok
1 verbose cli [ '/usr/bin/nodejs', '/usr/bin/npm', 'install', '-g', 'cordova' ]
2 info using npm@1.3.10
3 info using node@v0.10.25
4 verbose cache add [ 'cordova', null ]
5 verbose cache add name=undefined spec="cordova" args=["cordova",null]
6 verbose parsed url { protocol: null,
6 verbose parsed url   slashes: null,
6 verbose parsed url   auth: null,
6 verbose parsed url   host: null,
6 verbose parsed url   port: null,
6 verbose parsed url   hostname: null,
6 verbose parsed url   hash: null,
6 verbose parsed url   search: null,
6 verbose parsed url   query: null,
6 verbose parsed url   pathname: 'cordova',
6 verbose parsed url   path: 'cordova',
6 verbose parsed url   href: 'cordova' }
7 silly lockFile a98f2055-cordova cordova
8 verbose lock cordova /home/jeffrey/.npm/a98f2055-cordova.lock
9 silly lockFile a98f2055-cordova cordova
10 silly lockFile a98f2055-cordova cordova
11 verbose addNamed [ 'cordova', '' ]
12 verbose addNamed [ null, '*' ]
13 silly lockFile de8d9fad-cordova cordova@
14 verbose lock cordova@ /home/jeffrey/.npm/de8d9fad-cordova.lock
15 silly addNameRange { name: 'cordova', range: '*', hasData: false }
16 verbose url raw cordova
17 verbose url resolving [ 'https://registry.npmjs.org/', './cordova' ]
18 verbose url resolved https://registry.npmjs.org/cordova
19 info trying registry request attempt 1 at 18:26:01
20 verbose etag "6U8I4BLU8BRUNDO9O6PB4LQMR"
21 http GET https://registry.npmjs.org/cordova
22 http 200 https://registry.npmjs.org/cordova
23 silly registry.get cb [ 200,
23 silly registry.get   { server: 'CouchDB/1.5.0 (Erlang OTP/R16B03)',
23 silly registry.get     etag: '"DGJHRS7T69V2KSN0IDDPZNQLZ"',
23 silly registry.get     'content-type': 'application/json',
23 silly registry.get     'cache-control': 'max-age=300',
23 silly registry.get     'content-length': '365443',
23 silly registry.get     'accept-ranges': 'bytes',
23 silly registry.get     date: 'Fri, 25 Mar 2016 23:26:01 GMT',
23 silly registry.get     via: '1.1 varnish',
23 silly registry.get     age: '214',
23 silly registry.get     connection: 'keep-alive',
23 silly registry.get     'x-served-by': 'cache-ord1737-ORD',
23 silly registry.get     'x-cache': 'HIT',
23 silly registry.get     'x-cache-hits': '1',
23 silly registry.get     'x-timer': 'S1458948361.826556,VS0,VE0',
23 silly registry.get     vary: 'Accept' } ]
24 silly addNameRange number 2 { name: 'cordova', range: '*', hasData: true }
25 silly addNameRange versions [ 'cordova',
25 silly addNameRange   [ '0.0.1',
25 silly addNameRange     '0.0.2',
25 silly addNameRange     '0.0.3',
25 silly addNameRange     '0.0.4',
25 silly addNameRange     '0.0.5',
25 silly addNameRange     '0.0.6',
25 silly addNameRange     '0.0.7',
25 silly addNameRange     '0.0.8',
25 silly addNameRange     '0.0.9',
25 silly addNameRange     '0.1.0',
25 silly addNameRange     '0.1.1',
25 silly addNameRange     '0.1.2',
25 silly addNameRange     '0.1.3',
25 silly addNameRange     '0.1.4',
25 silly addNameRange     '0.1.5',
25 silly addNameRange     '0.1.6',
25 silly addNameRange     '0.1.7',
25 silly addNameRange     '0.1.8',
25 silly addNameRange     '0.1.9',
25 silly addNameRange     '0.1.10',
25 silly addNameRange     '0.1.11',
25 silly addNameRange     '0.1.12',
25 silly addNameRange     '0.1.13',
25 silly addNameRange     '0.1.14',
25 silly addNameRange     '2.2.0',
25 silly addNameRange     '2.3.0',
25 silly addNameRange     '2.3.1',
25 silly addNameRange     '2.3.2',
25 silly addNameRange     '2.3.3',
25 silly addNameRange     '2.3.5',
25 silly addNameRange     '2.3.6',
25 silly addNameRange     '2.4.0',
25 silly addNameRange     '2.4.1',
25 silly addNameRange     '2.4.2',
25 silly addNameRange     '2.4.3',
25 silly addNameRange     '2.4.4',
25 silly addNameRange     '2.4.5',
25 silly addNameRange     '2.4.6',
25 silly addNameRange     '2.4.7',
25 silly addNameRange     '2.4.8',
25 silly addNameRange     '2.4.9',
25 silly addNameRange     '2.4.10',
25 silly addNameRange     '2.5.0',
25 silly addNameRange     '2.5.2',
25 silly addNameRange     '2.5.3',
25 silly addNameRange     '2.5.4',
25 silly addNameRange     '2.5.5',
25 silly addNameRange     '2.6.0',
25 silly addNameRange     '2.6.1',
25 silly addNameRange     '2.6.2',
25 silly addNameRange     '2.7.0-rc.1',
25 silly addNameRange     '2.7.1-rc.1',
25 silly addNameRange     '2.7.2',
25 silly addNameRange     '2.7.3',
25 silly addNameRange     '2.7.4',
25 silly addNameRange     '2.8.0',
25 silly addNameRange     '2.8.1',
25 silly addNameRange     '2.8.2',
25 silly addNameRange     '2.8.3',
25 silly addNameRange     '2.8.4',
25 silly addNameRange     '2.8.5',
25 silly addNameRange     '2.8.6',
25 silly addNameRange     '2.8.7',
25 silly addNameRange     '2.8.8',
25 silly addNameRange     '2.8.9',
25 silly addNameRange     '2.8.10',
25 silly addNameRange     '2.8.11',
25 silly addNameRange     '2.8.12',
25 silly addNameRange     '2.8.13',
25 silly addNameRange     '2.8.14',
25 silly addNameRange     '2.8.15',
25 silly addNameRange     '2.8.16',
25 silly addNameRange     '2.8.17',
25 silly addNameRange     '2.8.18',
25 silly addNameRange     '2.8.19',
25 silly addNameRange     '2.8.20',
25 silly addNameRange     '2.8.21',
25 silly addNameRange     '2.8.22',
25 silly addNameRange     '2.8.23',
25 silly addNameRange     '2.8.24',
25 silly addNameRange     '2.8.25',
25 silly addNameRange     '2.9.0',
25 silly addNameRange     '2.9.1',
25 silly addNameRange     '2.9.2',
25 silly addNameRange     '2.9.3',
25 silly addNameRange     '2.9.4',
25 silly addNameRange     '2.9.5',
25 silly addNameRange     '2.9.6',
25 silly addNameRange     '2.9.7',
25 silly addNameRange     '3.0.0-rc1',
25 silly addNameRange     '3.0.0-rc1-1',
25 silly addNameRange     '3.0.0-rc1-3',
25 silly addNameRange     '3.0.0',
25 silly addNameRange     '3.0.1',
25 silly addNameRange     '3.0.2',
25 silly addNameRange     '3.0.3',
25 silly addNameRange     '3.0.4',
25 silly addNameRange     '3.0.5',
25 silly addNameRange     '3.0.6',
25 silly addNameRange     '3.0.7',
25 silly addNameRange     '3.0.8',
25 silly addNameRange     '3.0.9',
25 silly addNameRange     '3.0.10',
25 silly addNameRange     '3.1.0-0.1.0',
25 silly addNameRange     '3.1.0-0.2.0',
25 silly addNameRange     '3.2.0-rc.1',
25 silly addNameRange     '3.2.0-0.1.0',
25 silly addNameRange     '3.2.0-0.2.0',
25 silly addNameRange     '3.2.0-0.3.0',
25 silly addNameRange     '3.2.0-0.4.0',
25 silly addNameRange     '3.3.0-rc.1',
25 silly addNameRange     '3.3.0-0.1.1',
25 silly addNameRange     '3.3.1-0.1.2',
25 silly addNameRange     '2.9.0-rc1',
25 silly addNameRange     '3.3.1-0.3.0',
25 silly addNameRange     '3.3.1-0.3.1',
25 silly addNameRange     '3.3.1-0.4.1',
25 silly addNameRange     '3.3.1-0.4.2',
25 silly addNameRange     '3.4.0-0.1.0',
25 silly addNameRange     '3.4.0-0.1.1',
25 silly addNameRange     '3.4.0-0.1.2',
25 silly addNameRange     '3.4.0-0.1.3',
25 silly addNameRange     '0.0.0-fake',
25 silly addNameRange     '3.4.1-0.1.0',
25 silly addNameRange     '3.5.0-0.2.0',
25 silly addNameRange     '3.5.0-0.2.1',
25 silly addNameRange     '3.5.0-0.2.2',
25 silly addNameRange     '3.5.0-0.2.3',
25 silly addNameRange     '3.5.0-0.2.4',
25 silly addNameRange     '3.5.0-0.2.6',
25 silly addNameRange     '3.5.0-0.2.7',
25 silly addNameRange     '3.6.0-0.2.8',
25 silly addNameRange     '3.6.0-0.2.9',
25 silly addNameRange     '3.6.1-0.2.10',
25 silly addNameRange     '3.6.3-0.2.11',
25 silly addNameRange     '3.6.3-0.2.12',
25 silly addNameRange     '3.6.3-0.2.13',
25 silly addNameRange     '4.0.0',
25 silly addNameRange     '4.0.1',
25 silly addNameRange     '4.1.0',
25 silly addNameRange     '4.1.1',
25 silly addNameRange     '4.1.2',
25 silly addNameRange     '4.1.3-nightly.2014.10.21',
25 silly addNameRange     '4.2.0',
25 silly addNameRange     '4.3.0',
25 silly addNameRange     '5.0.0',
25 silly addNameRange     '4.3.1',
25 silly addNameRange     '5.1.1',
25 silly addNameRange     '5.2.0',
25 silly addNameRange     '5.3.1',
25 silly addNameRange     '5.3.3',
25 silly addNameRange     '5.4.0',
25 silly addNameRange     '5.4.1',
25 silly addNameRange     '6.0.0',
25 silly addNameRange     '6.1.0' ] ]
26 verbose addNamed [ 'cordova', '6.1.0' ]
27 verbose addNamed [ '6.1.0', '6.1.0' ]
28 silly lockFile a5a8c19f-cordova-6-1-0 cordova@6.1.0
29 verbose lock cordova@6.1.0 /home/jeffrey/.npm/a5a8c19f-cordova-6-1-0.lock
30 silly lockFile 9347fda3-js-org-cordova-cordova-6-1-0-tgz https://registry.npmjs.org/cordova/-/cordova-6.1.0.tgz
31 verbose lock https://registry.npmjs.org/cordova/-/cordova-6.1.0.tgz /home/jeffrey/.npm/9347fda3-js-org-cordova-cordova-6-1-0-tgz.lock
32 verbose addRemoteTarball [ 'https://registry.npmjs.org/cordova/-/cordova-6.1.0.tgz',
32 verbose addRemoteTarball   '6c801199aaa01118e7ce56ec16ad4a01d54bce1e' ]
33 silly lockFile 9347fda3-js-org-cordova-cordova-6-1-0-tgz https://registry.npmjs.org/cordova/-/cordova-6.1.0.tgz
34 silly lockFile 9347fda3-js-org-cordova-cordova-6-1-0-tgz https://registry.npmjs.org/cordova/-/cordova-6.1.0.tgz
35 silly lockFile a5a8c19f-cordova-6-1-0 cordova@6.1.0
36 silly lockFile a5a8c19f-cordova-6-1-0 cordova@6.1.0
37 silly lockFile de8d9fad-cordova cordova@
38 silly lockFile de8d9fad-cordova cordova@
39 error Error: EACCES, mkdir '/home/jeffrey/tmp/npm-10987-jDOnkD0H'
39 error  { [Error: EACCES, mkdir '/home/jeffrey/tmp/npm-10987-jDOnkD0H']
39 error   errno: 3,
39 error   code: 'EACCES',
39 error   path: '/home/jeffrey/tmp/npm-10987-jDOnkD0H' }
40 error Please try running this command again as root/Administrator.
41 error System Linux 3.13.0-83-generic
42 error command "/usr/bin/nodejs" "/usr/bin/npm" "install" "-g" "cordova"
43 error cwd /home/jeffrey/Desktop/GitKraken/CookSmart-Mobile-Application/CookSmartMobileApp
44 error node -v v0.10.25
45 error npm -v 1.3.10
46 error path /home/jeffrey/tmp/npm-10987-jDOnkD0H
47 error code EACCES
48 error errno 3
49 error stack Error: EACCES, mkdir '/home/jeffrey/tmp/npm-10987-jDOnkD0H'
50 verbose exit [ 3, true ]
